# JRE version: Java(TM) SE Runtime Environment (17.0+35) (build 17+35-LTS-2724)
# Java VM: Java HotSpot(TM) 64-Bit Server VM (17+35-LTS-2724, mixed mode, sharing, tiered, compressed oops, compressed class ptrs, g1 gc, windows-amd64)
GC Precious Log:
 CPUs: 2 total, 2 available
 Memory: 5965M
 Large Page Support: Disabled
 NUMA Support: Disabled
 Compressed Oops: Enabled (32-bit)
 Heap Region Size: 1M
 Heap Min Capacity: 8M
 Heap Initial Capacity: 94M
 Heap Max Capacity: 2G
 Pre-touch: Disabled
 Parallel Workers: 2
 Concurrent Workers: 1
 Concurrent Refinement Workers: 2
 Periodic GC: Disabled
Heap:
 garbage-first heap   total 106496K, used 66106K [0x0000000080000000, 0x0000000100000000)
  region size 1024K, 7 young (7168K), 4 survivors (4096K)
 Metaspace       used 66921K, committed 67648K, reserved 487424K
  class space    used 9490K, committed 9856K, reserved 421888K
GC Heap History (20 events):
Event: 25.581 GC heap before
{Heap before GC invocations=20 (full 0):
 garbage-first heap   total 89088K, used 55370K [0x0000000080000000, 0x0000000100000000)
  region size 1024K, 4 young (4096K), 2 survivors (2048K)
 Metaspace       used 55932K, committed 56576K, reserved 471040K
  class space    used 7850K, committed 8192K, reserved 421888K
}
Event: 25.584 GC heap after
{Heap after GC invocations=21 (full 0):
 garbage-first heap   total 89088K, used 53657K [0x0000000080000000, 0x0000000100000000)
  region size 1024K, 1 young (1024K), 1 survivors (1024K)
 Metaspace       used 55932K, committed 56576K, reserved 471040K
  class space    used 7850K, committed 8192K, reserved 421888K
}
Event: 26.148 GC heap before
{Heap before GC invocations=21 (full 0):
 garbage-first heap   total 89088K, used 75161K [0x0000000080000000, 0x0000000100000000)
  region size 1024K, 22 young (22528K), 1 survivors (1024K)
 Metaspace       used 57450K, committed 58112K, reserved 479232K
  class space    used 8054K, committed 8384K, reserved 421888K
}
Event: 26.151 GC heap after
{Heap after GC invocations=22 (full 0):
 garbage-first heap   total 89088K, used 54381K [0x0000000080000000, 0x0000000100000000)
  region size 1024K, 2 young (2048K), 2 survivors (2048K)
 Metaspace       used 57450K, committed 58112K, reserved 479232K
  class space    used 8054K, committed 8384K, reserved 421888K
}
Event: 26.595 GC heap before
{Heap before GC invocations=23 (full 0):
 garbage-first heap   total 94208K, used 74861K [0x0000000080000000, 0x0000000100000000)
  region size 1024K, 22 young (22528K), 2 survivors (2048K)
 Metaspace       used 58829K, committed 59520K, reserved 479232K
  class space    used 8255K, committed 8576K, reserved 421888K
}
Event: 26.599 GC heap after
{Heap after GC invocations=24 (full 0):
 garbage-first heap   total 94208K, used 54817K [0x0000000080000000, 0x0000000100000000)
  region size 1024K, 2 young (2048K), 2 survivors (2048K)
 Metaspace       used 58829K, committed 59520K, reserved 479232K
  class space    used 8255K, committed 8576K, reserved 421888K
}
Event: 26.662 GC heap before
{Heap before GC invocations=24 (full 0):
 garbage-first heap   total 94208K, used 56865K [0x0000000080000000, 0x0000000100000000)
  region size 1024K, 4 young (4096K), 2 survivors (2048K)
 Metaspace       used 59002K, committed 59648K, reserved 479232K
  class space    used 8287K, committed 8576K, reserved 421888K
}
Event: 26.668 GC heap after
{Heap after GC invocations=25 (full 0):
 garbage-first heap   total 94208K, used 54443K [0x0000000080000000, 0x0000000100000000)
  region size 1024K, 1 young (1024K), 1 survivors (1024K)
 Metaspace       used 59002K, committed 59648K, reserved 479232K
  class space    used 8287K, committed 8576K, reserved 421888K
}
Event: 27.716 GC heap before
{Heap before GC invocations=25 (full 0):
 garbage-first heap   total 94208K, used 77995K [0x0000000080000000, 0x0000000100000000)
  region size 1024K, 25 young (25600K), 1 survivors (1024K)
 Metaspace       used 61110K, committed 61760K, reserved 479232K
  class space    used 8648K, committed 8960K, reserved 421888K
}
Event: 27.719 GC heap after
{Heap after GC invocations=26 (full 0):
 garbage-first heap   total 94208K, used 55190K [0x0000000080000000, 0x0000000100000000)
  region size 1024K, 2 young (2048K), 2 survivors (2048K)
 Metaspace       used 61110K, committed 61760K, reserved 479232K
  class space    used 8648K, committed 8960K, reserved 421888K
}
Event: 27.842 GC heap before
{Heap before GC invocations=27 (full 0):
 garbage-first heap   total 97280K, used 57238K [0x0000000080000000, 0x0000000100000000)
  region size 1024K, 5 young (5120K), 2 survivors (2048K)
 Metaspace       used 61273K, committed 61952K, reserved 479232K
  class space    used 8680K, committed 9024K, reserved 421888K
}
Event: 27.849 GC heap after
{Heap after GC invocations=28 (full 0):
 garbage-first heap   total 97280K, used 55406K [0x0000000080000000, 0x0000000100000000)
  region size 1024K, 2 young (2048K), 2 survivors (2048K)
 Metaspace       used 61273K, committed 61952K, reserved 479232K
  class space    used 8680K, committed 9024K, reserved 421888K
}
Event: 29.045 GC heap before
{Heap before GC invocations=29 (full 0):
 garbage-first heap   total 101376K, used 85102K [0x0000000080000000, 0x0000000100000000)
  region size 1024K, 28 young (28672K), 2 survivors (2048K)
 Metaspace       used 62582K, committed 63168K, reserved 479232K
  class space    used 8875K, committed 9152K, reserved 421888K
}
Event: 29.050 GC heap after
{Heap after GC invocations=30 (full 0):
 garbage-first heap   total 101376K, used 59587K [0x0000000080000000, 0x0000000100000000)
  region size 1024K, 3 young (3072K), 3 survivors (3072K)
 Metaspace       used 62582K, committed 63168K, reserved 479232K
  class space    used 8875K, committed 9152K, reserved 421888K
}
Event: 30.492 GC heap before
{Heap before GC invocations=30 (full 0):
 garbage-first heap   total 101376K, used 84163K [0x0000000080000000, 0x0000000100000000)
  region size 1024K, 28 young (28672K), 3 survivors (3072K)
 Metaspace       used 63813K, committed 64512K, reserved 479232K
  class space    used 9063K, committed 9408K, reserved 421888K
}
Event: 30.500 GC heap after
{Heap after GC invocations=31 (full 0):
 garbage-first heap   total 101376K, used 60840K [0x0000000080000000, 0x0000000100000000)
  region size 1024K, 3 young (3072K), 3 survivors (3072K)
 Metaspace       used 63813K, committed 64512K, reserved 479232K
  class space    used 9063K, committed 9408K, reserved 421888K
}
Event: 32.335 GC heap before
{Heap before GC invocations=32 (full 0):
 garbage-first heap   total 106496K, used 85416K [0x0000000080000000, 0x0000000100000000)
  region size 1024K, 28 young (28672K), 3 survivors (3072K)
 Metaspace       used 64916K, committed 65664K, reserved 479232K
  class space    used 9180K, committed 9536K, reserved 421888K
}
Event: 32.345 GC heap after
{Heap after GC invocations=33 (full 0):
 garbage-first heap   total 106496K, used 62977K [0x0000000080000000, 0x0000000100000000)
  region size 1024K, 4 young (4096K), 4 survivors (4096K)
 Metaspace       used 64916K, committed 65664K, reserved 479232K
  class space    used 9180K, committed 9536K, reserved 421888K
}
Event: 33.690 GC heap before
{Heap before GC invocations=33 (full 0):
 garbage-first heap   total 106496K, used 87553K [0x0000000080000000, 0x0000000100000000)
  region size 1024K, 29 young (29696K), 4 survivors (4096K)
 Metaspace       used 66888K, committed 67648K, reserved 487424K
  class space    used 9485K, committed 9856K, reserved 421888K
}
Event: 33.700 GC heap after
{Heap after GC invocations=34 (full 0):
 garbage-first heap   total 106496K, used 64058K [0x0000000080000000, 0x0000000100000000)
  region size 1024K, 4 young (4096K), 4 survivors (4096K)
 Metaspace       used 66888K, committed 67648K, reserved 487424K
  class space    used 9485K, committed 9856K, reserved 421888K
}

