# JRE version: Java(TM) SE Runtime Environment (17.0+35) (build 17+35-LTS-2724)
# Java VM: Java HotSpot(TM) 64-Bit Server VM (17+35-LTS-2724, mixed mode, sharing, tiered, compressed oops, compressed class ptrs, g1 gc, windows-amd64)
GC Precious Log:
 CPUs: 2 total, 2 available
 Memory: 5965M
 Large Page Support: Disabled
 NUMA Support: Disabled
 Compressed Oops: Enabled (32-bit)
 Heap Region Size: 1M
 Heap Min Capacity: 8M
 Heap Initial Capacity: 94M
 Heap Max Capacity: 2G
 Pre-touch: Disabled
 Parallel Workers: 2
 Concurrent Workers: 1
 Concurrent Refinement Workers: 2
 Periodic GC: Disabled
Heap:
 garbage-first heap   total 524288K, used 432974K [0x0000000080000000, 0x0000000100000000)
  region size 1024K, 52 young (53248K), 4 survivors (4096K)
 Metaspace       used 171773K, committed 174016K, reserved 577536K
  class space    used 22709K, committed 23808K, reserved 421888K
GC Heap History (20 events):
Event: 1772.327 GC heap before
{Heap before GC invocations=143 (full 0):
 garbage-first heap   total 524288K, used 447821K [0x0000000080000000, 0x0000000100000000)
  region size 1024K, 90 young (92160K), 14 survivors (14336K)
 Metaspace       used 171416K, committed 173632K, reserved 577536K
  class space    used 22673K, committed 23744K, reserved 421888K
}
Event: 1772.381 GC heap after
{Heap after GC invocations=144 (full 0):
 garbage-first heap   total 524288K, used 381440K [0x0000000080000000, 0x0000000100000000)
  region size 1024K, 11 young (11264K), 11 survivors (11264K)
 Metaspace       used 171416K, committed 173632K, reserved 577536K
  class space    used 22673K, committed 23744K, reserved 421888K
}
Event: 1774.850 GC heap before
{Heap before GC invocations=144 (full 0):
 garbage-first heap   total 524288K, used 449024K [0x0000000080000000, 0x0000000100000000)
  region size 1024K, 77 young (78848K), 11 survivors (11264K)
 Metaspace       used 171435K, committed 173632K, reserved 577536K
  class space    used 22673K, committed 23744K, reserved 421888K
}
Event: 1774.921 GC heap after
{Heap after GC invocations=145 (full 0):
 garbage-first heap   total 524288K, used 381952K [0x0000000080000000, 0x0000000100000000)
  region size 1024K, 1 young (1024K), 1 survivors (1024K)
 Metaspace       used 171435K, committed 173632K, reserved 577536K
  class space    used 22673K, committed 23744K, reserved 421888K
}
Event: 1777.463 GC heap before
{Heap before GC invocations=145 (full 0):
 garbage-first heap   total 524288K, used 453632K [0x0000000080000000, 0x0000000100000000)
  region size 1024K, 71 young (72704K), 1 survivors (1024K)
 Metaspace       used 171465K, committed 173632K, reserved 577536K
  class space    used 22675K, committed 23744K, reserved 421888K
}
Event: 1777.468 GC heap after
{Heap after GC invocations=146 (full 0):
 garbage-first heap   total 524288K, used 381952K [0x0000000080000000, 0x0000000100000000)
  region size 1024K, 1 young (1024K), 1 survivors (1024K)
 Metaspace       used 171465K, committed 173632K, reserved 577536K
  class space    used 22675K, committed 23744K, reserved 421888K
}
Event: 1780.039 GC heap before
{Heap before GC invocations=146 (full 0):
 garbage-first heap   total 524288K, used 455680K [0x0000000080000000, 0x0000000100000000)
  region size 1024K, 73 young (74752K), 1 survivors (1024K)
 Metaspace       used 171542K, committed 173696K, reserved 577536K
  class space    used 22682K, committed 23744K, reserved 421888K
}
Event: 1780.044 GC heap after
{Heap after GC invocations=147 (full 0):
 garbage-first heap   total 524288K, used 382080K [0x0000000080000000, 0x0000000100000000)
  region size 1024K, 2 young (2048K), 2 survivors (2048K)
 Metaspace       used 171542K, committed 173696K, reserved 577536K
  class space    used 22682K, committed 23744K, reserved 421888K
}
Event: 1782.172 GC heap before
{Heap before GC invocations=147 (full 0):
 garbage-first heap   total 524288K, used 457856K [0x0000000080000000, 0x0000000100000000)
  region size 1024K, 76 young (77824K), 2 survivors (2048K)
 Metaspace       used 171578K, committed 173824K, reserved 577536K
  class space    used 22691K, committed 23808K, reserved 421888K
}
Event: 1782.178 GC heap after
{Heap after GC invocations=148 (full 0):
 garbage-first heap   total 524288K, used 382507K [0x0000000080000000, 0x0000000100000000)
  region size 1024K, 2 young (2048K), 2 survivors (2048K)
 Metaspace       used 171578K, committed 173824K, reserved 577536K
  class space    used 22691K, committed 23808K, reserved 421888K
}
Event: 1784.611 GC heap before
{Heap before GC invocations=148 (full 0):
 garbage-first heap   total 524288K, used 460331K [0x0000000080000000, 0x0000000100000000)
  region size 1024K, 78 young (79872K), 2 survivors (2048K)
 Metaspace       used 171620K, committed 173824K, reserved 577536K
  class space    used 22703K, committed 23808K, reserved 421888K
}
Event: 1784.618 GC heap after
{Heap after GC invocations=149 (full 0):
 garbage-first heap   total 524288K, used 382767K [0x0000000080000000, 0x0000000100000000)
  region size 1024K, 2 young (2048K), 2 survivors (2048K)
 Metaspace       used 171620K, committed 173824K, reserved 577536K
  class space    used 22703K, committed 23808K, reserved 421888K
}
Event: 1786.751 GC heap before
{Heap before GC invocations=149 (full 0):
 garbage-first heap   total 524288K, used 461615K [0x0000000080000000, 0x0000000100000000)
  region size 1024K, 79 young (80896K), 2 survivors (2048K)
 Metaspace       used 171681K, committed 173888K, reserved 577536K
  class space    used 22707K, committed 23808K, reserved 421888K
}
Event: 1786.757 GC heap after
{Heap after GC invocations=150 (full 0):
 garbage-first heap   total 524288K, used 383313K [0x0000000080000000, 0x0000000100000000)
  region size 1024K, 3 young (3072K), 3 survivors (3072K)
 Metaspace       used 171681K, committed 173888K, reserved 577536K
  class space    used 22707K, committed 23808K, reserved 421888K
}
Event: 1788.806 GC heap before
{Heap before GC invocations=150 (full 0):
 garbage-first heap   total 524288K, used 463185K [0x0000000080000000, 0x0000000100000000)
  region size 1024K, 81 young (82944K), 3 survivors (3072K)
 Metaspace       used 171711K, committed 173952K, reserved 577536K
  class space    used 22708K, committed 23808K, reserved 421888K
}
Event: 1788.812 GC heap after
{Heap after GC invocations=151 (full 0):
 garbage-first heap   total 524288K, used 383809K [0x0000000080000000, 0x0000000100000000)
  region size 1024K, 3 young (3072K), 3 survivors (3072K)
 Metaspace       used 171711K, committed 173952K, reserved 577536K
  class space    used 22708K, committed 23808K, reserved 421888K
}
Event: 1790.824 GC heap before
{Heap before GC invocations=151 (full 0):
 garbage-first heap   total 524288K, used 464705K [0x0000000080000000, 0x0000000100000000)
  region size 1024K, 82 young (83968K), 3 survivors (3072K)
 Metaspace       used 171718K, committed 173952K, reserved 577536K
  class space    used 22708K, committed 23808K, reserved 421888K
}
Event: 1790.832 GC heap after
{Heap after GC invocations=152 (full 0):
 garbage-first heap   total 524288K, used 383954K [0x0000000080000000, 0x0000000100000000)
  region size 1024K, 3 young (3072K), 3 survivors (3072K)
 Metaspace       used 171718K, committed 173952K, reserved 577536K
  class space    used 22708K, committed 23808K, reserved 421888K
}
Event: 1792.790 GC heap before
{Heap before GC invocations=152 (full 0):
 garbage-first heap   total 524288K, used 465874K [0x0000000080000000, 0x0000000100000000)
  region size 1024K, 83 young (84992K), 3 survivors (3072K)
 Metaspace       used 171768K, committed 173952K, reserved 577536K
  class space    used 22709K, committed 23808K, reserved 421888K
}
Event: 1792.799 GC heap after
{Heap after GC invocations=153 (full 0):
 garbage-first heap   total 524288K, used 384846K [0x0000000080000000, 0x0000000100000000)
  region size 1024K, 4 young (4096K), 4 survivors (4096K)
 Metaspace       used 171768K, committed 173952K, reserved 577536K
  class space    used 22709K, committed 23808K, reserved 421888K
}

