# JRE version: Java(TM) SE Runtime Environment (17.0+35) (build 17+35-LTS-2724)
# Java VM: Java HotSpot(TM) 64-Bit Server VM (17+35-LTS-2724, mixed mode, sharing, tiered, compressed oops, compressed class ptrs, g1 gc, windows-amd64)
GC Precious Log:
 CPUs: 2 total, 2 available
 Memory: 5965M
 Large Page Support: Disabled
 NUMA Support: Disabled
 Compressed Oops: Enabled (32-bit)
 Heap Region Size: 1M
 Heap Min Capacity: 8M
 Heap Initial Capacity: 94M
 Heap Max Capacity: 2G
 Pre-touch: Disabled
 Parallel Workers: 2
 Concurrent Workers: 1
 Concurrent Refinement Workers: 2
 Periodic GC: Disabled
Heap:
 garbage-first heap   total 96256K, used 48266K [0x0000000080000000, 0x0000000100000000)
  region size 1024K, 37 young (37888K), 7 survivors (7168K)
 Metaspace       used 14526K, committed 14912K, reserved 438272K
  class space    used 1988K, committed 2176K, reserved 421888K
GC Heap History (10 events):
Event: 1.234 GC heap before
{Heap before GC invocations=0 (full 0):
 garbage-first heap   total 96256K, used 5120K [0x0000000080000000, 0x0000000100000000)
  region size 1024K, 6 young (6144K), 0 survivors (0K)
 Metaspace       used 700K, committed 832K, reserved 430080K
  class space    used 61K, committed 128K, reserved 421888K
}
Event: 1.295 GC heap after
{Heap after GC invocations=1 (full 0):
 garbage-first heap   total 96256K, used 936K [0x0000000080000000, 0x0000000100000000)
  region size 1024K, 1 young (1024K), 1 survivors (1024K)
 Metaspace       used 700K, committed 832K, reserved 430080K
  class space    used 61K, committed 128K, reserved 421888K
}
Event: 1.715 GC heap before
{Heap before GC invocations=1 (full 0):
 garbage-first heap   total 96256K, used 7080K [0x0000000080000000, 0x0000000100000000)
  region size 1024K, 7 young (7168K), 1 survivors (1024K)
 Metaspace       used 752K, committed 832K, reserved 430080K
  class space    used 61K, committed 128K, reserved 421888K
}
Event: 1.717 GC heap after
{Heap after GC invocations=2 (full 0):
 garbage-first heap   total 96256K, used 1205K [0x0000000080000000, 0x0000000100000000)
  region size 1024K, 1 young (1024K), 1 survivors (1024K)
 Metaspace       used 752K, committed 832K, reserved 430080K
  class space    used 61K, committed 128K, reserved 421888K
}
Event: 3.375 GC heap before
{Heap before GC invocations=2 (full 0):
 garbage-first heap   total 96256K, used 18613K [0x0000000080000000, 0x0000000100000000)
  region size 1024K, 15 young (15360K), 1 survivors (1024K)
 Metaspace       used 1100K, committed 1216K, reserved 430080K
  class space    used 72K, committed 128K, reserved 421888K
}
Event: 3.378 GC heap after
{Heap after GC invocations=3 (full 0):
 garbage-first heap   total 96256K, used 9597K [0x0000000080000000, 0x0000000100000000)
  region size 1024K, 2 young (2048K), 2 survivors (2048K)
 Metaspace       used 1100K, committed 1216K, reserved 430080K
  class space    used 72K, committed 128K, reserved 421888K
}
Event: 7.919 GC heap before
{Heap before GC invocations=3 (full 0):
 garbage-first heap   total 96256K, used 64893K [0x0000000080000000, 0x0000000100000000)
  region size 1024K, 56 young (57344K), 2 survivors (2048K)
 Metaspace       used 4431K, committed 4608K, reserved 430080K
  class space    used 542K, committed 640K, reserved 421888K
}
Event: 7.925 GC heap after
{Heap after GC invocations=4 (full 0):
 garbage-first heap   total 96256K, used 12427K [0x0000000080000000, 0x0000000100000000)
  region size 1024K, 5 young (5120K), 5 survivors (5120K)
 Metaspace       used 4431K, committed 4608K, reserved 430080K
  class space    used 542K, committed 640K, reserved 421888K
}
Event: 14.163 GC heap before
{Heap before GC invocations=4 (full 0):
 garbage-first heap   total 96256K, used 65675K [0x0000000080000000, 0x0000000100000000)
  region size 1024K, 56 young (57344K), 5 survivors (5120K)
 Metaspace       used 9503K, committed 9728K, reserved 438272K
  class space    used 1245K, committed 1408K, reserved 421888K
}
Event: 14.179 GC heap after
{Heap after GC invocations=5 (full 0):
 garbage-first heap   total 96256K, used 19594K [0x0000000080000000, 0x0000000100000000)
  region size 1024K, 7 young (7168K), 7 survivors (7168K)
 Metaspace       used 9503K, committed 9728K, reserved 438272K
  class space    used 1245K, committed 1408K, reserved 421888K
}

