# JRE version: Java(TM) SE Runtime Environment (17.0+35) (build 17+35-LTS-2724)
# Java VM: Java HotSpot(TM) 64-Bit Server VM (17+35-LTS-2724, mixed mode, sharing, tiered, compressed oops, compressed class ptrs, g1 gc, windows-amd64)
GC Precious Log:
 CPUs: 2 total, 2 available
 Memory: 5965M
 Large Page Support: Disabled
 NUMA Support: Disabled
 Compressed Oops: Enabled (32-bit)
 Heap Region Size: 1M
 Heap Min Capacity: 8M
 Heap Initial Capacity: 94M
 Heap Max Capacity: 2G
 Pre-touch: Disabled
 Parallel Workers: 2
 Concurrent Workers: 1
 Concurrent Refinement Workers: 2
 Periodic GC: Disabled
Heap:
 garbage-first heap   total 202752K, used 79744K [0x0000000080000000, 0x0000000100000000)
  region size 1024K, 20 young (20480K), 2 survivors (2048K)
 Metaspace       used 72468K, committed 73088K, reserved 487424K
  class space    used 10112K, committed 10432K, reserved 421888K
GC Heap History (20 events):
Event: 35.835 GC heap before
{Heap before GC invocations=22 (full 0):
 garbage-first heap   total 89088K, used 59026K [0x0000000080000000, 0x0000000100000000)
  region size 1024K, 13 young (13312K), 1 survivors (1024K)
 Metaspace       used 61771K, committed 62400K, reserved 479232K
  class space    used 8497K, committed 8768K, reserved 421888K
}
Event: 35.841 GC heap after
{Heap after GC invocations=23 (full 0):
 garbage-first heap   total 89088K, used 48118K [0x0000000080000000, 0x0000000100000000)
  region size 1024K, 1 young (1024K), 1 survivors (1024K)
 Metaspace       used 61771K, committed 62400K, reserved 479232K
  class space    used 8497K, committed 8768K, reserved 421888K
}
Event: 37.527 GC heap before
{Heap before GC invocations=24 (full 0):
 garbage-first heap   total 89088K, used 79862K [0x0000000080000000, 0x0000000100000000)
  region size 1024K, 25 young (25600K), 1 survivors (1024K)
 Metaspace       used 64184K, committed 64896K, reserved 479232K
  class space    used 8819K, committed 9152K, reserved 421888K
}
Event: 37.531 GC heap after
{Heap after GC invocations=25 (full 0):
 garbage-first heap   total 89088K, used 57526K [0x0000000080000000, 0x0000000100000000)
  region size 1024K, 3 young (3072K), 3 survivors (3072K)
 Metaspace       used 64184K, committed 64896K, reserved 479232K
  class space    used 8819K, committed 9152K, reserved 421888K
}
Event: 37.550 GC heap before
{Heap before GC invocations=25 (full 0):
 garbage-first heap   total 89088K, used 58550K [0x0000000080000000, 0x0000000100000000)
  region size 1024K, 4 young (4096K), 3 survivors (3072K)
 Metaspace       used 64256K, committed 64960K, reserved 479232K
  class space    used 8830K, committed 9152K, reserved 421888K
}
Event: 37.556 GC heap after
{Heap after GC invocations=26 (full 0):
 garbage-first heap   total 89088K, used 57344K [0x0000000080000000, 0x0000000100000000)
  region size 1024K, 1 young (1024K), 1 survivors (1024K)
 Metaspace       used 64256K, committed 64960K, reserved 479232K
  class space    used 8830K, committed 9152K, reserved 421888K
}
Event: 37.900 GC heap before
{Heap before GC invocations=26 (full 0):
 garbage-first heap   total 89088K, used 73728K [0x0000000080000000, 0x0000000100000000)
  region size 1024K, 18 young (18432K), 1 survivors (1024K)
 Metaspace       used 65403K, committed 66112K, reserved 487424K
  class space    used 9014K, committed 9344K, reserved 421888K
}
Event: 37.903 GC heap after
{Heap after GC invocations=27 (full 0):
 garbage-first heap   total 89088K, used 57655K [0x0000000080000000, 0x0000000100000000)
  region size 1024K, 1 young (1024K), 1 survivors (1024K)
 Metaspace       used 65403K, committed 66112K, reserved 487424K
  class space    used 9014K, committed 9344K, reserved 421888K
}
Event: 38.501 GC heap before
{Heap before GC invocations=28 (full 0):
 garbage-first heap   total 101376K, used 74039K [0x0000000080000000, 0x0000000100000000)
  region size 1024K, 18 young (18432K), 1 survivors (1024K)
 Metaspace       used 66602K, committed 67264K, reserved 487424K
  class space    used 9169K, committed 9472K, reserved 421888K
}
Event: 38.506 GC heap after
{Heap after GC invocations=29 (full 0):
 garbage-first heap   total 101376K, used 58326K [0x0000000080000000, 0x0000000100000000)
  region size 1024K, 2 young (2048K), 2 survivors (2048K)
 Metaspace       used 66602K, committed 67264K, reserved 487424K
  class space    used 9169K, committed 9472K, reserved 421888K
}
Event: 38.538 GC heap before
{Heap before GC invocations=29 (full 0):
 garbage-first heap   total 101376K, used 60374K [0x0000000080000000, 0x0000000100000000)
  region size 1024K, 4 young (4096K), 2 survivors (2048K)
 Metaspace       used 66710K, committed 67456K, reserved 487424K
  class space    used 9185K, committed 9536K, reserved 421888K
}
Event: 38.541 GC heap after
{Heap after GC invocations=30 (full 0):
 garbage-first heap   total 101376K, used 57838K [0x0000000080000000, 0x0000000100000000)
  region size 1024K, 1 young (1024K), 1 survivors (1024K)
 Metaspace       used 66710K, committed 67456K, reserved 487424K
  class space    used 9185K, committed 9536K, reserved 421888K
}
Event: 39.783 GC heap before
{Heap before GC invocations=30 (full 0):
 garbage-first heap   total 101376K, used 82414K [0x0000000080000000, 0x0000000100000000)
  region size 1024K, 26 young (26624K), 1 survivors (1024K)
 Metaspace       used 69086K, committed 69760K, reserved 487424K
  class space    used 9565K, committed 9856K, reserved 421888K
}
Event: 39.788 GC heap after
{Heap after GC invocations=31 (full 0):
 garbage-first heap   total 101376K, used 58556K [0x0000000080000000, 0x0000000100000000)
  region size 1024K, 1 young (1024K), 1 survivors (1024K)
 Metaspace       used 69086K, committed 69760K, reserved 487424K
  class space    used 9565K, committed 9856K, reserved 421888K
}
Event: 40.504 GC heap before
{Heap before GC invocations=32 (full 0):
 garbage-first heap   total 101376K, used 86204K [0x0000000080000000, 0x0000000100000000)
  region size 1024K, 26 young (26624K), 1 survivors (1024K)
 Metaspace       used 70524K, committed 71168K, reserved 487424K
  class space    used 9803K, committed 10112K, reserved 421888K
}
Event: 40.508 GC heap after
{Heap after GC invocations=33 (full 0):
 garbage-first heap   total 101376K, used 62673K [0x0000000080000000, 0x0000000100000000)
  region size 1024K, 2 young (2048K), 2 survivors (2048K)
 Metaspace       used 70524K, committed 71168K, reserved 487424K
  class space    used 9803K, committed 10112K, reserved 421888K
}
Event: 40.573 GC heap before
{Heap before GC invocations=33 (full 0):
 garbage-first heap   total 101376K, used 63697K [0x0000000080000000, 0x0000000100000000)
  region size 1024K, 4 young (4096K), 2 survivors (2048K)
 Metaspace       used 70634K, committed 71232K, reserved 487424K
  class space    used 9819K, committed 10112K, reserved 421888K
}
Event: 40.579 GC heap after
{Heap after GC invocations=34 (full 0):
 garbage-first heap   total 101376K, used 62333K [0x0000000080000000, 0x0000000100000000)
  region size 1024K, 1 young (1024K), 1 survivors (1024K)
 Metaspace       used 70634K, committed 71232K, reserved 487424K
  class space    used 9819K, committed 10112K, reserved 421888K
}
Event: 41.440 GC heap before
{Heap before GC invocations=34 (full 0):
 garbage-first heap   total 101376K, used 85885K [0x0000000080000000, 0x0000000100000000)
  region size 1024K, 24 young (24576K), 1 survivors (1024K)
 Metaspace       used 71836K, committed 72448K, reserved 487424K
  class space    used 10014K, committed 10304K, reserved 421888K
}
Event: 41.444 GC heap after
{Heap after GC invocations=35 (full 0):
 garbage-first heap   total 202752K, used 63360K [0x0000000080000000, 0x0000000100000000)
  region size 1024K, 2 young (2048K), 2 survivors (2048K)
 Metaspace       used 71836K, committed 72448K, reserved 487424K
  class space    used 10014K, committed 10304K, reserved 421888K
}

