# JRE version: Java(TM) SE Runtime Environment (17.0+35) (build 17+35-LTS-2724)
# Java VM: Java HotSpot(TM) 64-Bit Server VM (17+35-LTS-2724, mixed mode, sharing, tiered, compressed oops, compressed class ptrs, g1 gc, windows-amd64)
GC Precious Log:
 CPUs: 2 total, 2 available
 Memory: 5965M
 Large Page Support: Disabled
 NUMA Support: Disabled
 Compressed Oops: Enabled (32-bit)
 Heap Region Size: 1M
 Heap Min Capacity: 8M
 Heap Initial Capacity: 94M
 Heap Max Capacity: 2G
 Pre-touch: Disabled
 Parallel Workers: 2
 Concurrent Workers: 1
 Concurrent Refinement Workers: 2
 Periodic GC: Disabled
Heap:
 garbage-first heap   total 149504K, used 79823K [0x0000000080000000, 0x0000000100000000)
  region size 1024K, 7 young (7168K), 2 survivors (2048K)
 Metaspace       used 77234K, committed 78080K, reserved 495616K
  class space    used 10769K, committed 11200K, reserved 421888K
GC Heap History (20 events):
Event: 14.555 GC heap before
{Heap before GC invocations=17 (full 0):
 garbage-first heap   total 103424K, used 90213K [0x0000000080000000, 0x0000000100000000)
  region size 1024K, 44 young (45056K), 5 survivors (5120K)
 Metaspace       used 56509K, committed 57216K, reserved 471040K
  class space    used 7926K, committed 8256K, reserved 421888K
}
Event: 14.566 GC heap after
{Heap after GC invocations=18 (full 0):
 garbage-first heap   total 103424K, used 53481K [0x0000000080000000, 0x0000000100000000)
  region size 1024K, 6 young (6144K), 6 survivors (6144K)
 Metaspace       used 56509K, committed 57216K, reserved 471040K
  class space    used 7926K, committed 8256K, reserved 421888K
}
Event: 15.012 GC heap before
{Heap before GC invocations=18 (full 0):
 garbage-first heap   total 103424K, used 85225K [0x0000000080000000, 0x0000000100000000)
  region size 1024K, 37 young (37888K), 6 survivors (6144K)
 Metaspace       used 58567K, committed 59200K, reserved 479232K
  class space    used 8193K, committed 8512K, reserved 421888K
}
Event: 15.021 GC heap after
{Heap after GC invocations=19 (full 0):
 garbage-first heap   total 103424K, used 55042K [0x0000000080000000, 0x0000000100000000)
  region size 1024K, 2 young (2048K), 2 survivors (2048K)
 Metaspace       used 58567K, committed 59200K, reserved 479232K
  class space    used 8193K, committed 8512K, reserved 421888K
}
Event: 15.806 GC heap before
{Heap before GC invocations=20 (full 0):
 garbage-first heap   total 103424K, used 85762K [0x0000000080000000, 0x0000000100000000)
  region size 1024K, 32 young (32768K), 2 survivors (2048K)
 Metaspace       used 61198K, committed 61824K, reserved 479232K
  class space    used 8661K, committed 8960K, reserved 421888K
}
Event: 15.811 GC heap after
{Heap after GC invocations=21 (full 0):
 garbage-first heap   total 103424K, used 55470K [0x0000000080000000, 0x0000000100000000)
  region size 1024K, 3 young (3072K), 3 survivors (3072K)
 Metaspace       used 61198K, committed 61824K, reserved 479232K
  class space    used 8661K, committed 8960K, reserved 421888K
}
Event: 15.841 GC heap before
{Heap before GC invocations=21 (full 0):
 garbage-first heap   total 103424K, used 60590K [0x0000000080000000, 0x0000000100000000)
  region size 1024K, 5 young (5120K), 3 survivors (3072K)
 Metaspace       used 61298K, committed 61952K, reserved 479232K
  class space    used 8684K, committed 9024K, reserved 421888K
}
Event: 15.846 GC heap after
{Heap after GC invocations=22 (full 0):
 garbage-first heap   total 103424K, used 58925K [0x0000000080000000, 0x0000000100000000)
  region size 1024K, 1 young (1024K), 1 survivors (1024K)
 Metaspace       used 61298K, committed 61952K, reserved 479232K
  class space    used 8684K, committed 9024K, reserved 421888K
}
Event: 16.312 GC heap before
{Heap before GC invocations=22 (full 0):
 garbage-first heap   total 103424K, used 86573K [0x0000000080000000, 0x0000000100000000)
  region size 1024K, 28 young (28672K), 1 survivors (1024K)
 Metaspace       used 62692K, committed 63360K, reserved 479232K
  class space    used 8892K, committed 9216K, reserved 421888K
}
Event: 16.315 GC heap after
{Heap after GC invocations=23 (full 0):
 garbage-first heap   total 103424K, used 59521K [0x0000000080000000, 0x0000000100000000)
  region size 1024K, 2 young (2048K), 2 survivors (2048K)
 Metaspace       used 62692K, committed 63360K, reserved 479232K
  class space    used 8892K, committed 9216K, reserved 421888K
}
Event: 16.952 GC heap before
{Heap before GC invocations=24 (full 0):
 garbage-first heap   total 103424K, used 87169K [0x0000000080000000, 0x0000000100000000)
  region size 1024K, 29 young (29696K), 2 survivors (2048K)
 Metaspace       used 64040K, committed 64768K, reserved 479232K
  class space    used 9085K, committed 9408K, reserved 421888K
}
Event: 16.959 GC heap after
{Heap after GC invocations=25 (full 0):
 garbage-first heap   total 103424K, used 60812K [0x0000000080000000, 0x0000000100000000)
  region size 1024K, 3 young (3072K), 3 survivors (3072K)
 Metaspace       used 64040K, committed 64768K, reserved 479232K
  class space    used 9085K, committed 9408K, reserved 421888K
}
Event: 17.888 GC heap before
{Heap before GC invocations=25 (full 0):
 garbage-first heap   total 103424K, used 87436K [0x0000000080000000, 0x0000000100000000)
  region size 1024K, 29 young (29696K), 3 survivors (3072K)
 Metaspace       used 65356K, committed 66048K, reserved 479232K
  class space    used 9251K, committed 9600K, reserved 421888K
}
Event: 17.900 GC heap after
{Heap after GC invocations=26 (full 0):
 garbage-first heap   total 149504K, used 62720K [0x0000000080000000, 0x0000000100000000)
  region size 1024K, 4 young (4096K), 4 survivors (4096K)
 Metaspace       used 65356K, committed 66048K, reserved 479232K
  class space    used 9251K, committed 9600K, reserved 421888K
}
Event: 20.265 GC heap before
{Heap before GC invocations=27 (full 0):
 garbage-first heap   total 149504K, used 119040K [0x0000000080000000, 0x0000000100000000)
  region size 1024K, 59 young (60416K), 4 survivors (4096K)
 Metaspace       used 69594K, committed 70400K, reserved 487424K
  class space    used 9895K, committed 10240K, reserved 421888K
}
Event: 20.280 GC heap after
{Heap after GC invocations=28 (full 0):
 garbage-first heap   total 149504K, used 67480K [0x0000000080000000, 0x0000000100000000)
  region size 1024K, 8 young (8192K), 8 survivors (8192K)
 Metaspace       used 69594K, committed 70400K, reserved 487424K
  class space    used 9895K, committed 10240K, reserved 421888K
}
Event: 27.702 GC heap before
{Heap before GC invocations=28 (full 0):
 garbage-first heap   total 149504K, used 118680K [0x0000000080000000, 0x0000000100000000)
  region size 1024K, 59 young (60416K), 8 survivors (8192K)
 Metaspace       used 74983K, committed 75904K, reserved 495616K
  class space    used 10628K, committed 11072K, reserved 421888K
}
Event: 27.723 GC heap after
{Heap after GC invocations=29 (full 0):
 garbage-first heap   total 149504K, used 71661K [0x0000000080000000, 0x0000000100000000)
  region size 1024K, 5 young (5120K), 5 survivors (5120K)
 Metaspace       used 74983K, committed 75904K, reserved 495616K
  class space    used 10628K, committed 11072K, reserved 421888K
}
Event: 28.044 GC heap before
{Heap before GC invocations=29 (full 0):
 garbage-first heap   total 149504K, used 81901K [0x0000000080000000, 0x0000000100000000)
  region size 1024K, 17 young (17408K), 5 survivors (5120K)
 Metaspace       used 75884K, committed 76736K, reserved 495616K
  class space    used 10708K, committed 11136K, reserved 421888K
}
Event: 28.052 GC heap after
{Heap after GC invocations=30 (full 0):
 garbage-first heap   total 149504K, used 73679K [0x0000000080000000, 0x0000000100000000)
  region size 1024K, 2 young (2048K), 2 survivors (2048K)
 Metaspace       used 75884K, committed 76736K, reserved 495616K
  class space    used 10708K, committed 11136K, reserved 421888K
}

