# JRE version: Java(TM) SE Runtime Environment (17.0+35) (build 17+35-LTS-2724)
# Java VM: Java HotSpot(TM) 64-Bit Server VM (17+35-LTS-2724, mixed mode, sharing, tiered, compressed oops, compressed class ptrs, g1 gc, windows-amd64)
GC Precious Log:
 CPUs: 2 total, 2 available
 Memory: 5965M
 Large Page Support: Disabled
 NUMA Support: Disabled
 Compressed Oops: Enabled (32-bit)
 Heap Region Size: 1M
 Heap Min Capacity: 64M
 Heap Initial Capacity: 64M
 Heap Max Capacity: 64M
 Pre-touch: Disabled
 Parallel Workers: 2
 Concurrent Workers: 1
 Concurrent Refinement Workers: 2
 Periodic GC: Disabled
Heap:
 garbage-first heap   total 65536K, used 22061K [0x00000000fc000000, 0x0000000100000000)
  region size 1024K, 14 young (14336K), 5 survivors (5120K)
 Metaspace       used 10702K, committed 10880K, reserved 1064960K
  class space    used 1395K, committed 1472K, reserved 1048576K
GC Heap History (8 events):
Event: 0.396 GC heap before
{Heap before GC invocations=0 (full 0):
 garbage-first heap   total 65536K, used 6144K [0x00000000fc000000, 0x0000000100000000)
  region size 1024K, 6 young (6144K), 0 survivors (0K)
 Metaspace       used 1601K, committed 1728K, reserved 1056768K
  class space    used 152K, committed 192K, reserved 1048576K
}
Event: 0.399 GC heap after
{Heap after GC invocations=1 (full 0):
 garbage-first heap   total 65536K, used 1188K [0x00000000fc000000, 0x0000000100000000)
  region size 1024K, 1 young (1024K), 1 survivors (1024K)
 Metaspace       used 1601K, committed 1728K, reserved 1056768K
  class space    used 152K, committed 192K, reserved 1048576K
}
Event: 0.547 GC heap before
{Heap before GC invocations=1 (full 0):
 garbage-first heap   total 65536K, used 7332K [0x00000000fc000000, 0x0000000100000000)
  region size 1024K, 7 young (7168K), 1 survivors (1024K)
 Metaspace       used 1633K, committed 1792K, reserved 1056768K
  class space    used 152K, committed 192K, reserved 1048576K
}
Event: 0.549 GC heap after
{Heap after GC invocations=2 (full 0):
 garbage-first heap   total 65536K, used 1546K [0x00000000fc000000, 0x0000000100000000)
  region size 1024K, 1 young (1024K), 1 survivors (1024K)
 Metaspace       used 1633K, committed 1792K, reserved 1056768K
  class space    used 152K, committed 192K, reserved 1048576K
}
Event: 0.925 GC heap before
{Heap before GC invocations=2 (full 0):
 garbage-first heap   total 65536K, used 12810K [0x00000000fc000000, 0x0000000100000000)
  region size 1024K, 13 young (13312K), 1 survivors (1024K)
 Metaspace       used 1832K, committed 1920K, reserved 1056768K
  class space    used 156K, committed 192K, reserved 1048576K
}
Event: 0.929 GC heap after
{Heap after GC invocations=3 (full 0):
 garbage-first heap   total 65536K, used 3786K [0x00000000fc000000, 0x0000000100000000)
  region size 1024K, 2 young (2048K), 2 survivors (2048K)
 Metaspace       used 1832K, committed 1920K, reserved 1056768K
  class space    used 156K, committed 192K, reserved 1048576K
}
Event: 2.403 GC heap before
{Heap before GC invocations=3 (full 0):
 garbage-first heap   total 65536K, used 44746K [0x00000000fc000000, 0x0000000100000000)
  region size 1024K, 38 young (38912K), 2 survivors (2048K)
 Metaspace       used 8866K, committed 9024K, reserved 1064960K
  class space    used 1180K, committed 1280K, reserved 1048576K
}
Event: 2.413 GC heap after
{Heap after GC invocations=4 (full 0):
 garbage-first heap   total 65536K, used 13869K [0x00000000fc000000, 0x0000000100000000)
  region size 1024K, 5 young (5120K), 5 survivors (5120K)
 Metaspace       used 8866K, committed 9024K, reserved 1064960K
  class space    used 1180K, committed 1280K, reserved 1048576K
}

