# JRE version: Java(TM) SE Runtime Environment (17.0+35) (build 17+35-LTS-2724)
# Java VM: Java HotSpot(TM) 64-Bit Server VM (17+35-LTS-2724, mixed mode, sharing, tiered, compressed oops, compressed class ptrs, g1 gc, windows-amd64)
GC Precious Log:
 CPUs: 2 total, 2 available
 Memory: 5965M
 Large Page Support: Disabled
 NUMA Support: Disabled
 Compressed Oops: Enabled (32-bit)
 Heap Region Size: 1M
 Heap Min Capacity: 8M
 Heap Initial Capacity: 94M
 Heap Max Capacity: 2G
 Pre-touch: Disabled
 Parallel Workers: 2
 Concurrent Workers: 1
 Concurrent Refinement Workers: 2
 Periodic GC: Disabled
Heap:
 garbage-first heap   total 208896K, used 126568K [0x0000000080000000, 0x0000000100000000)
  region size 1024K, 10 young (10240K), 4 survivors (4096K)
 Metaspace       used 106980K, committed 108032K, reserved 520192K
  class space    used 14649K, committed 15168K, reserved 421888K
GC Heap History (20 events):
Event: 71.550 GC heap before
{Heap before GC invocations=36 (full 0):
 garbage-first heap   total 137216K, used 114035K [0x0000000080000000, 0x0000000100000000)
  region size 1024K, 35 young (35840K), 1 survivors (1024K)
 Metaspace       used 81484K, committed 82368K, reserved 495616K
  class space    used 11182K, committed 11584K, reserved 421888K
}
Event: 71.556 GC heap after
{Heap after GC invocations=37 (full 0):
 garbage-first heap   total 208896K, used 80162K [0x0000000080000000, 0x0000000100000000)
  region size 1024K, 2 young (2048K), 2 survivors (2048K)
 Metaspace       used 81484K, committed 82368K, reserved 495616K
  class space    used 11182K, committed 11584K, reserved 421888K
}
Event: 76.428 GC heap before
{Heap before GC invocations=37 (full 0):
 garbage-first heap   total 208896K, used 173346K [0x0000000080000000, 0x0000000100000000)
  region size 1024K, 87 young (89088K), 2 survivors (2048K)
 Metaspace       used 84228K, committed 85184K, reserved 495616K
  class space    used 11507K, committed 11968K, reserved 421888K
}
Event: 76.447 GC heap after
{Heap after GC invocations=38 (full 0):
 garbage-first heap   total 208896K, used 94055K [0x0000000080000000, 0x0000000100000000)
  region size 1024K, 9 young (9216K), 9 survivors (9216K)
 Metaspace       used 84228K, committed 85184K, reserved 495616K
  class space    used 11507K, committed 11968K, reserved 421888K
}
Event: 78.667 GC heap before
{Heap before GC invocations=38 (full 0):
 garbage-first heap   total 208896K, used 172903K [0x0000000080000000, 0x0000000100000000)
  region size 1024K, 82 young (83968K), 9 survivors (9216K)
 Metaspace       used 89363K, committed 90368K, reserved 503808K
  class space    used 12117K, committed 12608K, reserved 421888K
}
Event: 78.681 GC heap after
{Heap after GC invocations=39 (full 0):
 garbage-first heap   total 208896K, used 100493K [0x0000000080000000, 0x0000000100000000)
  region size 1024K, 6 young (6144K), 6 survivors (6144K)
 Metaspace       used 89363K, committed 90368K, reserved 503808K
  class space    used 12117K, committed 12608K, reserved 421888K
}
Event: 80.369 GC heap before
{Heap before GC invocations=39 (full 0):
 garbage-first heap   total 208896K, used 171149K [0x0000000080000000, 0x0000000100000000)
  region size 1024K, 73 young (74752K), 6 survivors (6144K)
 Metaspace       used 94060K, committed 95040K, reserved 512000K
  class space    used 12744K, committed 13184K, reserved 421888K
}
Event: 80.382 GC heap after
{Heap after GC invocations=40 (full 0):
 garbage-first heap   total 208896K, used 104945K [0x0000000080000000, 0x0000000100000000)
  region size 1024K, 3 young (3072K), 3 survivors (3072K)
 Metaspace       used 94060K, committed 95040K, reserved 512000K
  class space    used 12744K, committed 13184K, reserved 421888K
}
Event: 81.327 GC heap before
{Heap before GC invocations=40 (full 0):
 garbage-first heap   total 208896K, used 171505K [0x0000000080000000, 0x0000000100000000)
  region size 1024K, 68 young (69632K), 3 survivors (3072K)
 Metaspace       used 96099K, committed 97152K, reserved 512000K
  class space    used 13068K, committed 13568K, reserved 421888K
}
Event: 81.337 GC heap after
{Heap after GC invocations=41 (full 0):
 garbage-first heap   total 208896K, used 108544K [0x0000000080000000, 0x0000000100000000)
  region size 1024K, 6 young (6144K), 6 survivors (6144K)
 Metaspace       used 96099K, committed 97152K, reserved 512000K
  class space    used 13068K, committed 13568K, reserved 421888K
}
Event: 83.407 GC heap before
{Heap before GC invocations=41 (full 0):
 garbage-first heap   total 208896K, used 173056K [0x0000000080000000, 0x0000000100000000)
  region size 1024K, 69 young (70656K), 6 survivors (6144K)
 Metaspace       used 99887K, committed 100864K, reserved 512000K
  class space    used 13612K, committed 14080K, reserved 421888K
}
Event: 83.418 GC heap after
{Heap after GC invocations=42 (full 0):
 garbage-first heap   total 208896K, used 111434K [0x0000000080000000, 0x0000000100000000)
  region size 1024K, 7 young (7168K), 7 survivors (7168K)
 Metaspace       used 99887K, committed 100864K, reserved 512000K
  class space    used 13612K, committed 14080K, reserved 421888K
}
Event: 84.668 GC heap before
{Heap before GC invocations=42 (full 0):
 garbage-first heap   total 208896K, used 173898K [0x0000000080000000, 0x0000000100000000)
  region size 1024K, 68 young (69632K), 7 survivors (7168K)
 Metaspace       used 103954K, committed 104960K, reserved 520192K
  class space    used 14253K, committed 14720K, reserved 421888K
}
Event: 84.680 GC heap after
{Heap after GC invocations=43 (full 0):
 garbage-first heap   total 208896K, used 113152K [0x0000000080000000, 0x0000000100000000)
  region size 1024K, 5 young (5120K), 5 survivors (5120K)
 Metaspace       used 103954K, committed 104960K, reserved 520192K
  class space    used 14253K, committed 14720K, reserved 421888K
}
Event: 87.021 GC heap before
{Heap before GC invocations=43 (full 0):
 garbage-first heap   total 208896K, used 175616K [0x0000000080000000, 0x0000000100000000)
  region size 1024K, 66 young (67584K), 5 survivors (5120K)
 Metaspace       used 106795K, committed 107904K, reserved 520192K
  class space    used 14630K, committed 15168K, reserved 421888K
}
Event: 87.036 GC heap after
{Heap after GC invocations=44 (full 0):
 garbage-first heap   total 208896K, used 117661K [0x0000000080000000, 0x0000000100000000)
  region size 1024K, 9 young (9216K), 9 survivors (9216K)
 Metaspace       used 106795K, committed 107904K, reserved 520192K
  class space    used 14630K, committed 15168K, reserved 421888K
}
Event: 89.496 GC heap before
{Heap before GC invocations=44 (full 0):
 garbage-first heap   total 208896K, used 175005K [0x0000000080000000, 0x0000000100000000)
  region size 1024K, 66 young (67584K), 9 survivors (9216K)
 Metaspace       used 106810K, committed 107904K, reserved 520192K
  class space    used 14630K, committed 15168K, reserved 421888K
}
Event: 89.513 GC heap after
{Heap after GC invocations=45 (full 0):
 garbage-first heap   total 208896K, used 119808K [0x0000000080000000, 0x0000000100000000)
  region size 1024K, 7 young (7168K), 7 survivors (7168K)
 Metaspace       used 106810K, committed 107904K, reserved 520192K
  class space    used 14630K, committed 15168K, reserved 421888K
}
Event: 92.674 GC heap before
{Heap before GC invocations=45 (full 0):
 garbage-first heap   total 208896K, used 177152K [0x0000000080000000, 0x0000000100000000)
  region size 1024K, 63 young (64512K), 7 survivors (7168K)
 Metaspace       used 106816K, committed 107904K, reserved 520192K
  class space    used 14630K, committed 15168K, reserved 421888K
}
Event: 92.700 GC heap after
{Heap after GC invocations=46 (full 0):
 garbage-first heap   total 208896K, used 121448K [0x0000000080000000, 0x0000000100000000)
  region size 1024K, 4 young (4096K), 4 survivors (4096K)
 Metaspace       used 106816K, committed 107904K, reserved 520192K
  class space    used 14630K, committed 15168K, reserved 421888K
}

